<?xml version="1.0" encoding="UTF-8"?>
<testsuite name="tech.hyperedge.logger.DependencyTest" tests="2" skipped="0" failures="0" errors="0" timestamp="2025-11-10T19:39:22.139Z" hostname="KRX-MINI" time="0.279">
  <properties/>
  <testcase name="testJacksonVersionIsAvailable" classname="tech.hyperedge.logger.DependencyTest" time="0.272"/>
  <testcase name="testVersionInfo" classname="tech.hyperedge.logger.DependencyTest" time="0.007"/>
  <system-out><![CDATA[Running with Jackson version: 2.15.0
]]></system-out>
  <system-err><![CDATA[]]></system-err>
</testsuite>
